2025-07-04 03:18:19 - ContingencyAnalyzer - INFO - logger_setup - setup_logger - 267 - Logger 'ContingencyAnalyzer' configured successfully
2025-07-04 03:18:19 - ContingencyAnalyzer - INFO - main_analyzer - __init__ - 77 - ContingencyAnalyzer initialized successfully
2025-07-04 03:18:19 - ContingencyAnalyzer - INFO - main_analyzer - analyze_excel_file - 93 - Starting analysis of C:/Users/achav/Downloads/Alvaro_Cont_Tables_Illinois_Final.xlsx
2025-07-04 03:18:19 - ContingencyAnalyzer - INFO - main_analyzer - analyze_excel_file - 99 - Step 1: Reading Excel file
2025-07-04 03:18:19 - ContingencyAnalyzer - INFO - main_analyzer - analyze_excel_file - 103 - Step 2: Validating input data
2025-07-04 03:18:19 - ContingencyAnalyzer - INFO - main_analyzer - analyze_excel_file - 115 - Step 3: Processing contingency squares
2025-07-04 03:18:19 - ContingencyAnalyzer - INFO - main_analyzer - analyze_excel_file - 124 - Step 4: Converting to confusion matrices
2025-07-04 03:18:19 - ContingencyAnalyzer - INFO - main_analyzer - analyze_excel_file - 133 - Step 5: Validating confusion matrices
2025-07-04 03:18:19 - ContingencyAnalyzer - INFO - main_analyzer - analyze_excel_file - 145 - Step 6: Performing global fit analysis
2025-07-04 03:18:19 - ContingencyAnalyzer - INFO - main_analyzer - analyze_excel_file - 154 - Step 7: Calculating Cramér's V
2025-07-04 03:18:20 - ContingencyAnalyzer - INFO - main_analyzer - analyze_excel_file - 163 - Step 8: Validating statistical results
2025-07-04 03:18:20 - ContingencyAnalyzer - INFO - main_analyzer - analyze_excel_file - 175 - Step 9: Generating visualizations
2025-07-04 03:18:28 - ContingencyAnalyzer - INFO - main_analyzer - analyze_excel_file - 216 - Step 11: Generating comprehensive report
2025-07-04 03:18:28 - ContingencyAnalyzer - INFO - main_analyzer - analyze_excel_file - 220 - Analysis completed with status: FAILED. Results saved to output
2025-07-04 03:26:01 - ContingencyAnalyzer - INFO - logger_setup - setup_logger - 267 - Logger 'ContingencyAnalyzer' configured successfully
2025-07-04 03:26:01 - ContingencyAnalyzer - INFO - main_analyzer - __init__ - 77 - ContingencyAnalyzer initialized successfully
2025-07-04 03:26:01 - ContingencyAnalyzer - INFO - main_analyzer - analyze_excel_file - 93 - Starting analysis of C:/Users/achav/Downloads/Alvaro_Cont_Tables_Illinois_Final.xlsx
2025-07-04 03:26:01 - ContingencyAnalyzer - INFO - main_analyzer - analyze_excel_file - 99 - Step 1: Reading Excel file
2025-07-04 03:26:01 - ContingencyAnalyzer - INFO - main_analyzer - analyze_excel_file - 103 - Step 2: Validating input data
2025-07-04 03:26:01 - ContingencyAnalyzer - INFO - main_analyzer - analyze_excel_file - 115 - Step 3: Processing contingency squares
2025-07-04 03:26:02 - ContingencyAnalyzer - INFO - main_analyzer - analyze_excel_file - 124 - Step 4: Converting to confusion matrices
2025-07-04 03:26:02 - ContingencyAnalyzer - INFO - main_analyzer - analyze_excel_file - 133 - Step 5: Validating confusion matrices
2025-07-04 03:26:02 - ContingencyAnalyzer - INFO - main_analyzer - analyze_excel_file - 145 - Step 6: Performing global fit analysis
2025-07-04 03:26:02 - ContingencyAnalyzer - INFO - main_analyzer - analyze_excel_file - 154 - Step 7: Calculating Cramér's V
2025-07-04 03:26:03 - ContingencyAnalyzer - INFO - main_analyzer - analyze_excel_file - 163 - Step 8: Validating statistical results
2025-07-04 03:26:03 - ContingencyAnalyzer - INFO - main_analyzer - analyze_excel_file - 175 - Step 9: Generating visualizations
2025-07-04 03:26:10 - ContingencyAnalyzer - INFO - main_analyzer - analyze_excel_file - 216 - Step 11: Generating comprehensive report
2025-07-04 03:26:11 - ContingencyAnalyzer - INFO - main_analyzer - analyze_excel_file - 220 - Analysis completed with status: FAILED. Results saved to output
2025-07-04 03:27:13 - ContingencyAnalyzer - INFO - logger_setup - setup_logger - 267 - Logger 'ContingencyAnalyzer' configured successfully
2025-07-04 03:27:13 - ContingencyAnalyzer - INFO - main_analyzer - __init__ - 77 - ContingencyAnalyzer initialized successfully
2025-07-04 03:27:13 - ContingencyAnalyzer - INFO - main_analyzer - analyze_excel_file - 93 - Starting analysis of C:/Users/achav/Downloads/Alvaro_Cont_Tables_Illinois_Final.xlsx
2025-07-04 03:27:13 - ContingencyAnalyzer - INFO - main_analyzer - analyze_excel_file - 99 - Step 1: Reading Excel file
2025-07-04 03:27:13 - ContingencyAnalyzer - INFO - main_analyzer - analyze_excel_file - 103 - Step 2: Validating input data
2025-07-04 03:27:13 - ContingencyAnalyzer - INFO - main_analyzer - analyze_excel_file - 115 - Step 3: Processing contingency squares
2025-07-04 03:27:13 - ContingencyAnalyzer - INFO - main_analyzer - analyze_excel_file - 124 - Step 4: Converting to confusion matrices
2025-07-04 03:27:13 - ContingencyAnalyzer - INFO - main_analyzer - analyze_excel_file - 133 - Step 5: Validating confusion matrices
2025-07-04 03:27:13 - ContingencyAnalyzer - INFO - main_analyzer - analyze_excel_file - 145 - Step 6: Performing global fit analysis
2025-07-04 03:27:13 - ContingencyAnalyzer - INFO - main_analyzer - analyze_excel_file - 154 - Step 7: Calculating Cramér's V
2025-07-04 03:27:14 - ContingencyAnalyzer - INFO - main_analyzer - analyze_excel_file - 163 - Step 8: Validating statistical results
2025-07-04 03:27:14 - ContingencyAnalyzer - INFO - main_analyzer - analyze_excel_file - 175 - Step 9: Generating visualizations
2025-07-04 03:27:22 - ContingencyAnalyzer - INFO - main_analyzer - analyze_excel_file - 216 - Step 11: Generating comprehensive report
2025-07-04 03:27:22 - ContingencyAnalyzer - INFO - main_analyzer - analyze_excel_file - 220 - Analysis completed with status: FAILED. Results saved to output
2025-07-04 04:22:21 - ContingencyAnalyzer - INFO - logger_setup - setup_logger - 267 - Logger 'ContingencyAnalyzer' configured successfully
2025-07-04 04:22:21 - ContingencyAnalyzer - INFO - main_analyzer - __init__ - 77 - ContingencyAnalyzer initialized successfully
2025-07-04 04:22:21 - ContingencyAnalyzer - INFO - main_analyzer - analyze_excel_file - 93 - Starting analysis of C:/Users/achav/Downloads/Alvaro_Cont_Tables_Illinois_Final.xlsx
2025-07-04 04:22:21 - ContingencyAnalyzer - INFO - main_analyzer - analyze_excel_file - 99 - Step 1: Reading Excel file
2025-07-04 04:22:21 - ContingencyAnalyzer - INFO - main_analyzer - analyze_excel_file - 103 - Step 2: Validating input data
2025-07-04 04:22:21 - ContingencyAnalyzer - INFO - main_analyzer - analyze_excel_file - 115 - Step 3: Processing contingency squares
2025-07-04 04:22:21 - ContingencyAnalyzer - INFO - main_analyzer - analyze_excel_file - 124 - Step 4: Converting to confusion matrices
2025-07-04 04:22:21 - ContingencyAnalyzer - INFO - main_analyzer - analyze_excel_file - 133 - Step 5: Validating confusion matrices
2025-07-04 04:22:21 - ContingencyAnalyzer - INFO - main_analyzer - analyze_excel_file - 145 - Step 6: Performing global fit analysis
2025-07-04 04:22:21 - ContingencyAnalyzer - INFO - main_analyzer - analyze_excel_file - 154 - Step 7: Calculating Cramér's V
2025-07-04 04:22:22 - ContingencyAnalyzer - INFO - main_analyzer - analyze_excel_file - 163 - Step 8: Validating statistical results
2025-07-04 04:22:22 - ContingencyAnalyzer - INFO - main_analyzer - analyze_excel_file - 175 - Step 9: Generating visualizations
2025-07-04 04:22:30 - ContingencyAnalyzer - INFO - main_analyzer - analyze_excel_file - 216 - Step 11: Generating comprehensive report
2025-07-04 04:22:30 - ContingencyAnalyzer - INFO - main_analyzer - analyze_excel_file - 220 - Analysis completed with status: FAILED. Results saved to output
2025-07-04 04:28:38 - ContingencyAnalyzer - INFO - logger_setup - setup_logger - 267 - Logger 'ContingencyAnalyzer' configured successfully
2025-07-04 04:28:38 - ContingencyAnalyzer - INFO - main_analyzer - __init__ - 77 - ContingencyAnalyzer initialized successfully
2025-07-04 04:28:38 - ContingencyAnalyzer - INFO - main_analyzer - analyze_excel_file - 93 - Starting analysis of C:/Users/achav/Downloads/Alvaro_Cont_Tables_Illinois_Final.xlsx
2025-07-04 04:28:38 - ContingencyAnalyzer - INFO - main_analyzer - analyze_excel_file - 99 - Step 1: Reading Excel file
2025-07-04 04:28:38 - ContingencyAnalyzer - INFO - main_analyzer - analyze_excel_file - 103 - Step 2: Validating input data
2025-07-04 04:28:38 - ContingencyAnalyzer - INFO - main_analyzer - analyze_excel_file - 115 - Step 3: Processing contingency squares
2025-07-04 04:28:38 - ContingencyAnalyzer - INFO - main_analyzer - analyze_excel_file - 124 - Step 4: Converting to confusion matrices
2025-07-04 04:28:38 - ContingencyAnalyzer - INFO - main_analyzer - analyze_excel_file - 133 - Step 5: Validating confusion matrices
2025-07-04 04:28:38 - ContingencyAnalyzer - INFO - main_analyzer - analyze_excel_file - 145 - Step 6: Performing global fit analysis
2025-07-04 04:28:38 - ContingencyAnalyzer - INFO - main_analyzer - analyze_excel_file - 154 - Step 7: Calculating Cramér's V
2025-07-04 04:28:40 - ContingencyAnalyzer - INFO - main_analyzer - analyze_excel_file - 163 - Step 8: Validating statistical results
2025-07-04 04:28:40 - ContingencyAnalyzer - INFO - main_analyzer - analyze_excel_file - 175 - Step 9: Generating visualizations
2025-07-04 04:28:47 - ContingencyAnalyzer - INFO - main_analyzer - analyze_excel_file - 216 - Step 11: Generating comprehensive report
2025-07-04 04:28:48 - ContingencyAnalyzer - INFO - main_analyzer - analyze_excel_file - 225 - Analysis completed with status: FAILED. Results saved to output
2025-07-04 04:37:45 - ContingencyAnalyzer - INFO - logger_setup - setup_logger - 267 - Logger 'ContingencyAnalyzer' configured successfully
2025-07-04 04:37:45 - ContingencyAnalyzer - INFO - main_analyzer - __init__ - 77 - ContingencyAnalyzer initialized successfully
2025-07-04 04:37:56 - ContingencyAnalyzer - INFO - main_analyzer - analyze_excel_file - 93 - Starting analysis of C:/Users/achav/Downloads/Alvaro_Cont_Tables_Illinois_Final.xlsx
2025-07-04 04:37:56 - ContingencyAnalyzer - INFO - main_analyzer - analyze_excel_file - 99 - Step 1: Reading Excel file
2025-07-04 04:37:56 - ContingencyAnalyzer - INFO - main_analyzer - analyze_excel_file - 103 - Step 2: Validating input data
2025-07-04 04:37:56 - ContingencyAnalyzer - INFO - main_analyzer - analyze_excel_file - 115 - Step 3: Processing contingency squares
2025-07-04 04:37:56 - ContingencyAnalyzer - INFO - main_analyzer - analyze_excel_file - 124 - Step 4: Converting to confusion matrices
2025-07-04 04:37:56 - ContingencyAnalyzer - INFO - main_analyzer - analyze_excel_file - 133 - Step 5: Validating confusion matrices
2025-07-04 04:37:56 - ContingencyAnalyzer - INFO - main_analyzer - analyze_excel_file - 145 - Step 6: Performing global fit analysis
2025-07-04 04:37:56 - ContingencyAnalyzer - INFO - main_analyzer - analyze_excel_file - 154 - Step 7: Calculating Cramér's V
2025-07-04 04:37:57 - ContingencyAnalyzer - INFO - main_analyzer - analyze_excel_file - 163 - Step 8: Validating statistical results
2025-07-04 04:37:57 - ContingencyAnalyzer - INFO - main_analyzer - analyze_excel_file - 175 - Step 9: Generating visualizations
2025-07-04 04:38:05 - ContingencyAnalyzer - INFO - main_analyzer - analyze_excel_file - 216 - Step 11: Generating comprehensive report
2025-07-04 04:38:05 - ContingencyAnalyzer - INFO - main_analyzer - analyze_excel_file - 225 - Analysis completed with status: FAILED. Results saved to C:\Users\achav\professional-contingency-suite\analysis_output
2025-07-04 05:00:27 - ContingencyAnalyzer - INFO - logger_setup - setup_logger - 267 - Logger 'ContingencyAnalyzer' configured successfully
2025-07-04 05:00:27 - ContingencyAnalyzer - INFO - main_analyzer - __init__ - 77 - ContingencyAnalyzer initialized successfully
2025-07-04 05:00:38 - ContingencyAnalyzer - INFO - main_analyzer - analyze_excel_file - 93 - Starting analysis of C:/Users/achav/Downloads/Alvaro_Cont_Tables_Illinois_Final.xlsx
2025-07-04 05:00:38 - ContingencyAnalyzer - INFO - main_analyzer - analyze_excel_file - 99 - Step 1: Reading Excel file
2025-07-04 05:00:38 - ContingencyAnalyzer - INFO - main_analyzer - analyze_excel_file - 103 - Step 2: Validating input data
2025-07-04 05:00:38 - ContingencyAnalyzer - INFO - main_analyzer - analyze_excel_file - 115 - Step 3: Processing contingency squares
2025-07-04 05:00:38 - ContingencyAnalyzer - INFO - main_analyzer - analyze_excel_file - 124 - Step 4: Converting to confusion matrices
2025-07-04 05:00:38 - ContingencyAnalyzer - INFO - main_analyzer - analyze_excel_file - 133 - Step 5: Validating confusion matrices
2025-07-04 05:00:38 - ContingencyAnalyzer - INFO - main_analyzer - analyze_excel_file - 145 - Step 6: Performing global fit analysis
2025-07-04 05:00:38 - ContingencyAnalyzer - INFO - main_analyzer - analyze_excel_file - 154 - Step 7: Calculating Cramér's V
2025-07-04 05:00:39 - ContingencyAnalyzer - INFO - main_analyzer - analyze_excel_file - 163 - Step 8: Validating statistical results
2025-07-04 05:00:39 - ContingencyAnalyzer - INFO - main_analyzer - analyze_excel_file - 175 - Step 9: Generating visualizations
2025-07-04 05:00:47 - ContingencyAnalyzer - INFO - main_analyzer - analyze_excel_file - 216 - Step 11: Generating comprehensive report
2025-07-04 05:00:47 - ContingencyAnalyzer - INFO - main_analyzer - analyze_excel_file - 225 - Analysis completed with status: FAILED. Results saved to C:\Users\achav\professional-contingency-suite\contingency_analysis_output
2025-07-04 05:05:40 - ContingencyAnalyzer - INFO - logger_setup - setup_logger - 267 - Logger 'ContingencyAnalyzer' configured successfully
2025-07-04 05:05:40 - ContingencyAnalyzer - INFO - main_analyzer - __init__ - 77 - ContingencyAnalyzer initialized successfully
2025-07-04 05:05:54 - ContingencyAnalyzer - INFO - main_analyzer - analyze_excel_file - 93 - Starting analysis of C:/Users/achav/Downloads/Alvaro_Cont_Tables_Illinois_Final.xlsx
2025-07-04 05:05:54 - ContingencyAnalyzer - INFO - main_analyzer - analyze_excel_file - 99 - Step 1: Reading Excel file
2025-07-04 05:05:54 - ContingencyAnalyzer - INFO - main_analyzer - analyze_excel_file - 103 - Step 2: Validating input data
2025-07-04 05:05:54 - ContingencyAnalyzer - INFO - main_analyzer - analyze_excel_file - 115 - Step 3: Processing contingency squares
2025-07-04 05:05:54 - ContingencyAnalyzer - INFO - main_analyzer - analyze_excel_file - 124 - Step 4: Converting to confusion matrices
2025-07-04 05:05:54 - ContingencyAnalyzer - INFO - main_analyzer - analyze_excel_file - 133 - Step 5: Validating confusion matrices
2025-07-04 05:05:54 - ContingencyAnalyzer - INFO - main_analyzer - analyze_excel_file - 145 - Step 6: Performing global fit analysis
2025-07-04 05:05:54 - ContingencyAnalyzer - INFO - main_analyzer - analyze_excel_file - 154 - Step 7: Calculating Cramér's V
2025-07-04 05:05:55 - ContingencyAnalyzer - INFO - main_analyzer - analyze_excel_file - 163 - Step 8: Validating statistical results
2025-07-04 05:05:55 - ContingencyAnalyzer - INFO - main_analyzer - analyze_excel_file - 175 - Step 9: Generating visualizations
2025-07-04 05:06:03 - ContingencyAnalyzer - INFO - main_analyzer - analyze_excel_file - 216 - Step 11: Generating comprehensive report
2025-07-04 05:06:03 - ContingencyAnalyzer - INFO - main_analyzer - analyze_excel_file - 225 - Analysis completed with status: FAILED. Results saved to C:\Users\achav\professional-contingency-suite\contingency_analysis_output
2025-07-04 05:29:21 - ContingencyAnalyzer - INFO - logger_setup - setup_logger - 267 - Logger 'ContingencyAnalyzer' configured successfully
2025-07-04 05:29:21 - ContingencyAnalyzer - INFO - main_analyzer - __init__ - 77 - ContingencyAnalyzer initialized successfully
2025-07-04 05:29:28 - ContingencyAnalyzer - INFO - main_analyzer - analyze_excel_file - 93 - Starting analysis of C:/Users/achav/Downloads/Alvaro_Cont_Tables_Illinois_Final.xlsx
2025-07-04 05:29:28 - ContingencyAnalyzer - INFO - main_analyzer - analyze_excel_file - 99 - Step 1: Reading Excel file
2025-07-04 05:29:28 - ContingencyAnalyzer - INFO - main_analyzer - analyze_excel_file - 103 - Step 2: Validating input data
2025-07-04 05:29:28 - ContingencyAnalyzer - INFO - main_analyzer - analyze_excel_file - 115 - Step 3: Processing contingency squares
2025-07-04 05:29:28 - ContingencyAnalyzer - INFO - main_analyzer - analyze_excel_file - 124 - Step 4: Converting to confusion matrices
2025-07-04 05:29:28 - ContingencyAnalyzer - INFO - main_analyzer - analyze_excel_file - 133 - Step 5: Validating confusion matrices
2025-07-04 05:29:28 - ContingencyAnalyzer - INFO - main_analyzer - analyze_excel_file - 145 - Step 6: Performing global fit analysis
2025-07-04 05:29:28 - ContingencyAnalyzer - INFO - main_analyzer - analyze_excel_file - 154 - Step 7: Calculating Cramér's V
2025-07-04 05:29:29 - ContingencyAnalyzer - INFO - main_analyzer - analyze_excel_file - 163 - Step 8: Validating statistical results
2025-07-04 05:29:29 - ContingencyAnalyzer - INFO - main_analyzer - analyze_excel_file - 175 - Step 9: Generating visualizations
2025-07-04 05:29:37 - ContingencyAnalyzer - INFO - main_analyzer - analyze_excel_file - 216 - Step 11: Generating comprehensive report
2025-07-04 05:29:37 - ContingencyAnalyzer - INFO - main_analyzer - analyze_excel_file - 225 - Analysis completed with status: FAILED. Results saved to C:\Users\achav\professional-contingency-suite\contingency_analysis_output
2025-07-04 05:30:43 - ContingencyAnalyzer - INFO - main_analyzer - analyze_excel_file - 93 - Starting analysis of C:/Users/achav/Downloads/Alvaro_Cont_Tables_Illinois_Final.xlsx
2025-07-04 05:30:43 - ContingencyAnalyzer - INFO - main_analyzer - analyze_excel_file - 99 - Step 1: Reading Excel file
2025-07-04 05:30:43 - ContingencyAnalyzer - INFO - main_analyzer - analyze_excel_file - 103 - Step 2: Validating input data
2025-07-04 05:30:43 - ContingencyAnalyzer - INFO - main_analyzer - analyze_excel_file - 115 - Step 3: Processing contingency squares
2025-07-04 05:30:43 - ContingencyAnalyzer - INFO - main_analyzer - analyze_excel_file - 124 - Step 4: Converting to confusion matrices
2025-07-04 05:30:43 - ContingencyAnalyzer - INFO - main_analyzer - analyze_excel_file - 133 - Step 5: Validating confusion matrices
2025-07-04 05:30:43 - ContingencyAnalyzer - INFO - main_analyzer - analyze_excel_file - 145 - Step 6: Performing global fit analysis
2025-07-04 05:30:43 - ContingencyAnalyzer - INFO - main_analyzer - analyze_excel_file - 154 - Step 7: Calculating Cramér's V
2025-07-04 05:30:44 - ContingencyAnalyzer - INFO - main_analyzer - analyze_excel_file - 163 - Step 8: Validating statistical results
2025-07-04 05:30:44 - ContingencyAnalyzer - INFO - main_analyzer - analyze_excel_file - 175 - Step 9: Generating visualizations
2025-07-04 05:30:52 - ContingencyAnalyzer - INFO - main_analyzer - analyze_excel_file - 216 - Step 11: Generating comprehensive report
2025-07-04 05:30:52 - ContingencyAnalyzer - INFO - main_analyzer - analyze_excel_file - 225 - Analysis completed with status: FAILED. Results saved to C:\Users\achav\professional-contingency-suite\contingency_analysis_output
2025-07-04 05:31:21 - ContingencyAnalyzer - INFO - main_analyzer - analyze_excel_file - 93 - Starting analysis of C:/Users/achav/Downloads/Alvaro_Cont_Tables_Illinois_Final.xlsx
2025-07-04 05:31:21 - ContingencyAnalyzer - INFO - main_analyzer - analyze_excel_file - 99 - Step 1: Reading Excel file
2025-07-04 05:31:21 - ContingencyAnalyzer - INFO - main_analyzer - analyze_excel_file - 103 - Step 2: Validating input data
2025-07-04 05:31:21 - ContingencyAnalyzer - INFO - main_analyzer - analyze_excel_file - 115 - Step 3: Processing contingency squares
2025-07-04 05:31:21 - ContingencyAnalyzer - INFO - main_analyzer - analyze_excel_file - 124 - Step 4: Converting to confusion matrices
2025-07-04 05:31:21 - ContingencyAnalyzer - INFO - main_analyzer - analyze_excel_file - 133 - Step 5: Validating confusion matrices
2025-07-04 05:31:21 - ContingencyAnalyzer - INFO - main_analyzer - analyze_excel_file - 145 - Step 6: Performing global fit analysis
2025-07-04 05:31:21 - ContingencyAnalyzer - INFO - main_analyzer - analyze_excel_file - 154 - Step 7: Calculating Cramér's V
2025-07-04 05:31:22 - ContingencyAnalyzer - INFO - main_analyzer - analyze_excel_file - 163 - Step 8: Validating statistical results
2025-07-04 05:31:22 - ContingencyAnalyzer - INFO - main_analyzer - analyze_excel_file - 175 - Step 9: Generating visualizations
2025-07-04 05:31:30 - ContingencyAnalyzer - INFO - main_analyzer - analyze_excel_file - 216 - Step 11: Generating comprehensive report
2025-07-04 05:31:30 - ContingencyAnalyzer - INFO - main_analyzer - analyze_excel_file - 225 - Analysis completed with status: FAILED. Results saved to C:\Users\achav\professional-contingency-suite\contingency_analysis_output
2025-07-04 06:12:39 - ContingencyAnalyzer - INFO - logger_setup - setup_logger - 267 - Logger 'ContingencyAnalyzer' configured successfully
2025-07-04 06:12:39 - ContingencyAnalyzer - INFO - main_analyzer - __init__ - 77 - ContingencyAnalyzer initialized successfully
2025-07-04 06:12:48 - ContingencyAnalyzer - INFO - main_analyzer - analyze_excel_file - 93 - Starting analysis of C:/Users/achav/Downloads/Alvaro_Cont_Tables_Illinois_Final.xlsx
2025-07-04 06:12:48 - ContingencyAnalyzer - INFO - main_analyzer - analyze_excel_file - 99 - Step 1: Reading Excel file
2025-07-04 06:12:48 - ContingencyAnalyzer - INFO - main_analyzer - analyze_excel_file - 103 - Step 2: Validating input data
2025-07-04 06:12:48 - ContingencyAnalyzer - INFO - main_analyzer - analyze_excel_file - 115 - Step 3: Processing contingency squares
2025-07-04 06:12:48 - ContingencyAnalyzer - INFO - main_analyzer - analyze_excel_file - 124 - Step 4: Converting to confusion matrices
2025-07-04 06:12:48 - ContingencyAnalyzer - INFO - main_analyzer - analyze_excel_file - 133 - Step 5: Validating confusion matrices
2025-07-04 06:12:48 - ContingencyAnalyzer - INFO - main_analyzer - analyze_excel_file - 145 - Step 6: Performing global fit analysis
2025-07-04 06:12:48 - ContingencyAnalyzer - INFO - main_analyzer - analyze_excel_file - 154 - Step 7: Calculating Cramér's V
2025-07-04 06:12:49 - ContingencyAnalyzer - INFO - main_analyzer - analyze_excel_file - 163 - Step 8: Validating statistical results
2025-07-04 06:12:49 - ContingencyAnalyzer - INFO - main_analyzer - analyze_excel_file - 175 - Step 9: Generating visualizations
2025-07-04 06:12:57 - ContingencyAnalyzer - INFO - main_analyzer - analyze_excel_file - 216 - Step 11: Generating comprehensive report
2025-07-04 06:12:57 - ContingencyAnalyzer - INFO - main_analyzer - analyze_excel_file - 225 - Analysis completed with status: FAILED. Results saved to C:\Users\achav\professional-contingency-suite\contingency_analysis_output
2025-07-04 17:12:02 - ContingencyAnalyzer - INFO - logger_setup - setup_logger - 267 - Logger 'ContingencyAnalyzer' configured successfully
2025-07-04 17:12:02 - ContingencyAnalyzer - INFO - main_analyzer - __init__ - 77 - ContingencyAnalyzer initialized successfully
2025-07-04 17:18:25 - ContingencyAnalyzer - INFO - logger_setup - setup_logger - 267 - Logger 'ContingencyAnalyzer' configured successfully
2025-07-04 17:18:25 - ContingencyAnalyzer - INFO - main_analyzer - __init__ - 77 - ContingencyAnalyzer initialized successfully
2025-07-04 17:18:41 - ContingencyAnalyzer - INFO - main_analyzer - analyze_excel_file - 93 - Starting analysis of C:/Users/achav/Downloads/Alvaro_Cont_Tables_Illinois_Final.xlsx
2025-07-04 17:18:41 - ContingencyAnalyzer - INFO - main_analyzer - analyze_excel_file - 99 - Step 1: Reading Excel file
2025-07-04 17:18:41 - ContingencyAnalyzer - INFO - main_analyzer - analyze_excel_file - 103 - Step 2: Validating input data
2025-07-04 17:18:41 - ContingencyAnalyzer - INFO - main_analyzer - analyze_excel_file - 115 - Step 3: Processing contingency squares
2025-07-04 17:18:41 - ContingencyAnalyzer - INFO - main_analyzer - analyze_excel_file - 124 - Step 4: Converting to confusion matrices
2025-07-04 17:18:41 - ContingencyAnalyzer - INFO - main_analyzer - analyze_excel_file - 133 - Step 5: Validating confusion matrices
2025-07-04 17:18:41 - ContingencyAnalyzer - INFO - main_analyzer - analyze_excel_file - 145 - Step 6: Performing global fit analysis
2025-07-04 17:18:41 - ContingencyAnalyzer - INFO - main_analyzer - analyze_excel_file - 154 - Step 7: Calculating Cramér's V
2025-07-04 17:18:42 - ContingencyAnalyzer - INFO - main_analyzer - analyze_excel_file - 163 - Step 8: Validating statistical results
2025-07-04 17:18:42 - ContingencyAnalyzer - INFO - main_analyzer - analyze_excel_file - 175 - Step 9: Generating visualizations
2025-07-04 17:18:49 - ContingencyAnalyzer - INFO - main_analyzer - analyze_excel_file - 216 - Step 11: Generating comprehensive report
2025-07-04 17:18:49 - ContingencyAnalyzer - INFO - main_analyzer - analyze_excel_file - 225 - Analysis completed with status: FAILED. Results saved to C:\Users\achav\professional-contingency-suite\contingency_analysis_output
2025-07-04 17:18:57 - ContingencyAnalyzer - INFO - main_analyzer - analyze_excel_file - 93 - Starting analysis of C:/Users/achav/Downloads/Alvaro_Cont_Tables_Illinois_Final.xlsx
2025-07-04 17:18:57 - ContingencyAnalyzer - INFO - main_analyzer - analyze_excel_file - 99 - Step 1: Reading Excel file
2025-07-04 17:18:57 - ContingencyAnalyzer - INFO - main_analyzer - analyze_excel_file - 103 - Step 2: Validating input data
2025-07-04 17:18:57 - ContingencyAnalyzer - INFO - main_analyzer - analyze_excel_file - 115 - Step 3: Processing contingency squares
2025-07-04 17:18:57 - ContingencyAnalyzer - INFO - main_analyzer - analyze_excel_file - 124 - Step 4: Converting to confusion matrices
2025-07-04 17:18:57 - ContingencyAnalyzer - INFO - main_analyzer - analyze_excel_file - 133 - Step 5: Validating confusion matrices
2025-07-04 17:18:57 - ContingencyAnalyzer - INFO - main_analyzer - analyze_excel_file - 145 - Step 6: Performing global fit analysis
2025-07-04 17:18:57 - ContingencyAnalyzer - INFO - main_analyzer - analyze_excel_file - 154 - Step 7: Calculating Cramér's V
2025-07-04 17:18:58 - ContingencyAnalyzer - INFO - main_analyzer - analyze_excel_file - 163 - Step 8: Validating statistical results
2025-07-04 17:18:58 - ContingencyAnalyzer - INFO - main_analyzer - analyze_excel_file - 175 - Step 9: Generating visualizations
2025-07-04 17:19:06 - ContingencyAnalyzer - INFO - main_analyzer - analyze_excel_file - 216 - Step 11: Generating comprehensive report
2025-07-04 17:19:06 - ContingencyAnalyzer - INFO - main_analyzer - analyze_excel_file - 225 - Analysis completed with status: FAILED. Results saved to C:\Users\achav\professional-contingency-suite\contingency_analysis_output
2025-07-04 17:21:32 - ContingencyAnalyzer - INFO - logger_setup - setup_logger - 267 - Logger 'ContingencyAnalyzer' configured successfully
2025-07-04 17:21:32 - ContingencyAnalyzer - INFO - main_analyzer - __init__ - 77 - ContingencyAnalyzer initialized successfully
2025-07-04 17:21:45 - ContingencyAnalyzer - INFO - logger_setup - setup_logger - 267 - Logger 'ContingencyAnalyzer' configured successfully
2025-07-04 17:21:45 - ContingencyAnalyzer - INFO - main_analyzer - __init__ - 77 - ContingencyAnalyzer initialized successfully
2025-07-04 17:21:45 - ContingencyAnalyzer - INFO - main_analyzer - analyze_excel_file - 93 - Starting analysis of C:/Users/achav/Downloads/Alvaro_Cont_Tables_Illinois_Final.xlsx
2025-07-04 17:21:45 - ContingencyAnalyzer - INFO - main_analyzer - analyze_excel_file - 99 - Step 1: Reading Excel file
2025-07-04 17:21:45 - ContingencyAnalyzer - INFO - main_analyzer - analyze_excel_file - 103 - Step 2: Validating input data
2025-07-04 17:21:45 - ContingencyAnalyzer - INFO - main_analyzer - analyze_excel_file - 115 - Step 3: Processing contingency squares
2025-07-04 17:21:45 - ContingencyAnalyzer - INFO - main_analyzer - analyze_excel_file - 124 - Step 4: Converting to confusion matrices
2025-07-04 17:21:45 - ContingencyAnalyzer - INFO - main_analyzer - analyze_excel_file - 133 - Step 5: Validating confusion matrices
2025-07-04 17:21:45 - ContingencyAnalyzer - INFO - main_analyzer - analyze_excel_file - 145 - Step 6: Performing global fit analysis
2025-07-04 17:21:45 - ContingencyAnalyzer - INFO - main_analyzer - analyze_excel_file - 154 - Step 7: Calculating Cramér's V
2025-07-04 17:21:46 - ContingencyAnalyzer - INFO - main_analyzer - analyze_excel_file - 163 - Step 8: Validating statistical results
2025-07-04 17:21:46 - ContingencyAnalyzer - INFO - main_analyzer - analyze_excel_file - 175 - Step 9: Generating visualizations
2025-07-04 17:21:54 - ContingencyAnalyzer - INFO - main_analyzer - analyze_excel_file - 216 - Step 11: Generating comprehensive report
2025-07-04 17:21:55 - ContingencyAnalyzer - INFO - main_analyzer - analyze_excel_file - 225 - Analysis completed with status: FAILED. Results saved to test_output
2025-07-04 17:22:27 - ContingencyAnalyzer - INFO - logger_setup - setup_logger - 267 - Logger 'ContingencyAnalyzer' configured successfully
2025-07-04 17:22:27 - ContingencyAnalyzer - INFO - main_analyzer - __init__ - 77 - ContingencyAnalyzer initialized successfully
2025-07-04 17:22:27 - ContingencyAnalyzer - INFO - main_analyzer - analyze_excel_file - 93 - Starting analysis of C:/Users/achav/Downloads/Alvaro_Cont_Tables_Illinois_Final.xlsx
2025-07-04 17:22:27 - ContingencyAnalyzer - INFO - main_analyzer - analyze_excel_file - 99 - Step 1: Reading Excel file
2025-07-04 17:22:27 - ContingencyAnalyzer - INFO - main_analyzer - analyze_excel_file - 103 - Step 2: Validating input data
2025-07-04 17:22:27 - ContingencyAnalyzer - INFO - main_analyzer - analyze_excel_file - 115 - Step 3: Processing contingency squares
2025-07-04 17:22:27 - ContingencyAnalyzer - INFO - main_analyzer - analyze_excel_file - 124 - Step 4: Converting to confusion matrices
2025-07-04 17:22:27 - ContingencyAnalyzer - INFO - main_analyzer - analyze_excel_file - 133 - Step 5: Validating confusion matrices
2025-07-04 17:22:27 - ContingencyAnalyzer - INFO - main_analyzer - analyze_excel_file - 145 - Step 6: Performing global fit analysis
2025-07-04 17:22:27 - ContingencyAnalyzer - INFO - main_analyzer - analyze_excel_file - 154 - Step 7: Calculating Cramér's V
2025-07-04 17:22:28 - ContingencyAnalyzer - INFO - main_analyzer - analyze_excel_file - 163 - Step 8: Validating statistical results
2025-07-04 17:22:28 - ContingencyAnalyzer - INFO - main_analyzer - analyze_excel_file - 175 - Step 9: Generating visualizations
2025-07-04 17:22:36 - ContingencyAnalyzer - INFO - main_analyzer - analyze_excel_file - 216 - Step 11: Generating comprehensive report
2025-07-04 17:22:36 - ContingencyAnalyzer - INFO - main_analyzer - analyze_excel_file - 225 - Analysis completed with status: FAILED. Results saved to test_output2
2025-07-04 17:22:54 - ContingencyAnalyzer - INFO - logger_setup - setup_logger - 267 - Logger 'ContingencyAnalyzer' configured successfully
2025-07-04 17:22:54 - ContingencyAnalyzer - INFO - main_analyzer - __init__ - 77 - ContingencyAnalyzer initialized successfully
2025-07-04 17:22:54 - ContingencyAnalyzer - INFO - main_analyzer - analyze_excel_file - 93 - Starting analysis of C:/Users/achav/Downloads/Alvaro_Cont_Tables_Illinois_Final.xlsx
2025-07-04 17:22:54 - ContingencyAnalyzer - INFO - main_analyzer - analyze_excel_file - 99 - Step 1: Reading Excel file
2025-07-04 17:22:54 - ContingencyAnalyzer - INFO - main_analyzer - analyze_excel_file - 103 - Step 2: Validating input data
2025-07-04 17:22:54 - ContingencyAnalyzer - INFO - main_analyzer - analyze_excel_file - 115 - Step 3: Processing contingency squares
2025-07-04 17:22:54 - ContingencyAnalyzer - INFO - main_analyzer - analyze_excel_file - 124 - Step 4: Converting to confusion matrices
2025-07-04 17:22:54 - ContingencyAnalyzer - INFO - main_analyzer - analyze_excel_file - 133 - Step 5: Validating confusion matrices
2025-07-04 17:22:54 - ContingencyAnalyzer - INFO - main_analyzer - analyze_excel_file - 145 - Step 6: Performing global fit analysis
2025-07-04 17:22:54 - ContingencyAnalyzer - INFO - main_analyzer - analyze_excel_file - 154 - Step 7: Calculating Cramér's V
2025-07-04 17:22:54 - ContingencyAnalyzer - INFO - main_analyzer - analyze_excel_file - 163 - Step 8: Validating statistical results
2025-07-04 17:22:54 - ContingencyAnalyzer - INFO - main_analyzer - analyze_excel_file - 175 - Step 9: Generating visualizations
2025-07-04 17:23:03 - ContingencyAnalyzer - INFO - main_analyzer - analyze_excel_file - 216 - Step 11: Generating comprehensive report
2025-07-04 17:23:03 - ContingencyAnalyzer - INFO - main_analyzer - analyze_excel_file - 225 - Analysis completed with status: FAILED. Results saved to test_output3
2025-07-04 17:23:22 - ContingencyAnalyzer - INFO - logger_setup - setup_logger - 267 - Logger 'ContingencyAnalyzer' configured successfully
2025-07-04 17:23:22 - ContingencyAnalyzer - INFO - main_analyzer - __init__ - 77 - ContingencyAnalyzer initialized successfully
2025-07-04 17:23:22 - ContingencyAnalyzer - INFO - main_analyzer - analyze_excel_file - 93 - Starting analysis of C:/Users/achav/Downloads/Alvaro_Cont_Tables_Illinois_Final.xlsx
2025-07-04 17:23:22 - ContingencyAnalyzer - INFO - main_analyzer - analyze_excel_file - 99 - Step 1: Reading Excel file
2025-07-04 17:23:22 - ContingencyAnalyzer - INFO - main_analyzer - analyze_excel_file - 103 - Step 2: Validating input data
2025-07-04 17:23:22 - ContingencyAnalyzer - INFO - main_analyzer - analyze_excel_file - 115 - Step 3: Processing contingency squares
2025-07-04 17:23:22 - ContingencyAnalyzer - INFO - main_analyzer - analyze_excel_file - 124 - Step 4: Converting to confusion matrices
2025-07-04 17:23:22 - ContingencyAnalyzer - INFO - main_analyzer - analyze_excel_file - 133 - Step 5: Validating confusion matrices
2025-07-04 17:23:22 - ContingencyAnalyzer - INFO - main_analyzer - analyze_excel_file - 145 - Step 6: Performing global fit analysis
2025-07-04 17:23:22 - ContingencyAnalyzer - INFO - main_analyzer - analyze_excel_file - 154 - Step 7: Calculating Cramér's V
2025-07-04 17:23:23 - ContingencyAnalyzer - INFO - main_analyzer - analyze_excel_file - 163 - Step 8: Validating statistical results
2025-07-04 17:23:23 - ContingencyAnalyzer - INFO - main_analyzer - analyze_excel_file - 175 - Step 9: Generating visualizations
2025-07-04 17:23:31 - ContingencyAnalyzer - INFO - main_analyzer - analyze_excel_file - 216 - Step 11: Generating comprehensive report
2025-07-04 17:23:31 - ContingencyAnalyzer - INFO - main_analyzer - analyze_excel_file - 225 - Analysis completed with status: FAILED. Results saved to test_output4
2025-07-04 17:23:54 - ContingencyAnalyzer - INFO - logger_setup - setup_logger - 267 - Logger 'ContingencyAnalyzer' configured successfully
2025-07-04 17:23:54 - ContingencyAnalyzer - INFO - main_analyzer - __init__ - 77 - ContingencyAnalyzer initialized successfully
2025-07-04 17:23:54 - ContingencyAnalyzer - INFO - main_analyzer - analyze_excel_file - 93 - Starting analysis of C:/Users/achav/Downloads/Alvaro_Cont_Tables_Illinois_Final.xlsx
2025-07-04 17:23:54 - ContingencyAnalyzer - INFO - main_analyzer - analyze_excel_file - 99 - Step 1: Reading Excel file
2025-07-04 17:23:54 - ContingencyAnalyzer - INFO - main_analyzer - analyze_excel_file - 103 - Step 2: Validating input data
2025-07-04 17:23:54 - ContingencyAnalyzer - INFO - main_analyzer - analyze_excel_file - 115 - Step 3: Processing contingency squares
2025-07-04 17:23:54 - ContingencyAnalyzer - INFO - main_analyzer - analyze_excel_file - 124 - Step 4: Converting to confusion matrices
2025-07-04 17:23:54 - ContingencyAnalyzer - INFO - main_analyzer - analyze_excel_file - 133 - Step 5: Validating confusion matrices
2025-07-04 17:23:54 - ContingencyAnalyzer - INFO - main_analyzer - analyze_excel_file - 145 - Step 6: Performing global fit analysis
2025-07-04 17:23:54 - ContingencyAnalyzer - INFO - main_analyzer - analyze_excel_file - 154 - Step 7: Calculating Cramér's V
2025-07-04 17:23:54 - ContingencyAnalyzer - INFO - main_analyzer - analyze_excel_file - 163 - Step 8: Validating statistical results
2025-07-04 17:23:54 - ContingencyAnalyzer - INFO - main_analyzer - analyze_excel_file - 175 - Step 9: Generating visualizations
2025-07-04 17:24:03 - ContingencyAnalyzer - INFO - main_analyzer - analyze_excel_file - 216 - Step 11: Generating comprehensive report
2025-07-04 17:24:03 - ContingencyAnalyzer - INFO - main_analyzer - analyze_excel_file - 225 - Analysis completed with status: FAILED. Results saved to test_output5
2025-07-04 21:13:02 - ContingencyAnalyzer - INFO - logger_setup - setup_logger - 267 - Logger 'ContingencyAnalyzer' configured successfully
2025-07-04 21:13:02 - ContingencyAnalyzer - INFO - main_analyzer - __init__ - 77 - ContingencyAnalyzer initialized successfully
2025-07-04 21:13:11 - ContingencyAnalyzer - INFO - main_analyzer - analyze_excel_file - 93 - Starting analysis of C:/Users/achav/Downloads/Alvaro_Cont_Tables_Illinois_Final.xlsx
2025-07-04 21:13:11 - ContingencyAnalyzer - INFO - main_analyzer - analyze_excel_file - 99 - Step 1: Reading Excel file
2025-07-04 21:13:11 - ContingencyAnalyzer - INFO - main_analyzer - analyze_excel_file - 103 - Step 2: Validating input data
2025-07-04 21:13:11 - ContingencyAnalyzer - INFO - main_analyzer - analyze_excel_file - 115 - Step 3: Processing contingency squares
2025-07-04 21:13:11 - ContingencyAnalyzer - INFO - main_analyzer - analyze_excel_file - 124 - Step 4: Converting to confusion matrices
2025-07-04 21:13:11 - ContingencyAnalyzer - INFO - main_analyzer - analyze_excel_file - 133 - Step 5: Validating confusion matrices
2025-07-04 21:13:11 - ContingencyAnalyzer - INFO - main_analyzer - analyze_excel_file - 145 - Step 6: Performing global fit analysis
2025-07-04 21:13:11 - ContingencyAnalyzer - INFO - main_analyzer - analyze_excel_file - 154 - Step 7: Calculating Cramér's V
2025-07-04 21:13:12 - ContingencyAnalyzer - INFO - main_analyzer - analyze_excel_file - 163 - Step 8: Validating statistical results
2025-07-04 21:13:12 - ContingencyAnalyzer - INFO - main_analyzer - analyze_excel_file - 175 - Step 9: Generating visualizations
2025-07-04 21:13:20 - ContingencyAnalyzer - INFO - main_analyzer - analyze_excel_file - 216 - Step 11: Generating comprehensive report
2025-07-04 21:13:20 - ContingencyAnalyzer - INFO - main_analyzer - analyze_excel_file - 225 - Analysis completed with status: FAILED. Results saved to C:\Users\achav\professional-contingency-suite\contingency_analysis_output
2025-07-04 21:16:11 - ContingencyAnalyzer - INFO - logger_setup - setup_logger - 267 - Logger 'ContingencyAnalyzer' configured successfully
2025-07-04 21:16:11 - ContingencyAnalyzer - INFO - main_analyzer - __init__ - 77 - ContingencyAnalyzer initialized successfully
2025-07-04 21:16:11 - ContingencyAnalyzer - INFO - main_analyzer - analyze_excel_file - 93 - Starting analysis of C:/Users/achav/Downloads/Alvaro_Cont_Tables_Illinois_Final.xlsx
2025-07-04 21:16:11 - ContingencyAnalyzer - INFO - main_analyzer - analyze_excel_file - 99 - Step 1: Reading Excel file
2025-07-04 21:16:11 - ContingencyAnalyzer - INFO - main_analyzer - analyze_excel_file - 103 - Step 2: Validating input data
2025-07-04 21:16:11 - ContingencyAnalyzer - INFO - main_analyzer - analyze_excel_file - 115 - Step 3: Processing contingency squares
2025-07-04 21:16:11 - ContingencyAnalyzer - INFO - main_analyzer - analyze_excel_file - 124 - Step 4: Converting to confusion matrices
2025-07-04 21:16:11 - ContingencyAnalyzer - INFO - main_analyzer - analyze_excel_file - 133 - Step 5: Validating confusion matrices
2025-07-04 21:16:11 - ContingencyAnalyzer - INFO - main_analyzer - analyze_excel_file - 145 - Step 6: Performing global fit analysis
2025-07-04 21:16:11 - ContingencyAnalyzer - INFO - main_analyzer - analyze_excel_file - 154 - Step 7: Calculating Cramér's V
2025-07-04 21:16:12 - ContingencyAnalyzer - INFO - main_analyzer - analyze_excel_file - 163 - Step 8: Validating statistical results
2025-07-04 21:16:12 - ContingencyAnalyzer - INFO - main_analyzer - analyze_excel_file - 175 - Step 9: Generating visualizations
2025-07-04 21:16:21 - ContingencyAnalyzer - INFO - main_analyzer - analyze_excel_file - 216 - Step 11: Generating comprehensive report
2025-07-04 21:16:21 - ContingencyAnalyzer - INFO - main_analyzer - analyze_excel_file - 225 - Analysis completed with status: FAILED. Results saved to test_output6
2025-07-04 21:22:18 - ContingencyAnalyzer - INFO - logger_setup - setup_logger - 267 - Logger 'ContingencyAnalyzer' configured successfully
2025-07-04 21:22:18 - ContingencyAnalyzer - INFO - main_analyzer - __init__ - 77 - ContingencyAnalyzer initialized successfully
2025-07-04 21:22:18 - ContingencyAnalyzer - INFO - main_analyzer - analyze_excel_file - 93 - Starting analysis of C:/Users/achav/Downloads/Alvaro_Cont_Tables_Illinois_Final.xlsx
2025-07-04 21:22:18 - ContingencyAnalyzer - INFO - main_analyzer - analyze_excel_file - 99 - Step 1: Reading Excel file
2025-07-04 21:22:18 - ContingencyAnalyzer - INFO - main_analyzer - analyze_excel_file - 103 - Step 2: Validating input data
2025-07-04 21:22:18 - ContingencyAnalyzer - INFO - main_analyzer - analyze_excel_file - 115 - Step 3: Processing contingency squares
2025-07-04 21:22:18 - ContingencyAnalyzer - INFO - main_analyzer - analyze_excel_file - 124 - Step 4: Converting to confusion matrices
2025-07-04 21:22:18 - ContingencyAnalyzer - INFO - main_analyzer - analyze_excel_file - 133 - Step 5: Validating confusion matrices
2025-07-04 21:22:18 - ContingencyAnalyzer - INFO - main_analyzer - analyze_excel_file - 145 - Step 6: Performing global fit analysis
2025-07-04 21:22:18 - ContingencyAnalyzer - INFO - main_analyzer - analyze_excel_file - 154 - Step 7: Calculating Cramér's V
2025-07-04 21:22:19 - ContingencyAnalyzer - INFO - main_analyzer - analyze_excel_file - 163 - Step 8: Validating statistical results
2025-07-04 21:22:19 - ContingencyAnalyzer - INFO - main_analyzer - analyze_excel_file - 175 - Step 9: Generating visualizations
2025-07-04 21:22:27 - ContingencyAnalyzer - INFO - main_analyzer - analyze_excel_file - 216 - Step 11: Generating comprehensive report
2025-07-04 21:22:27 - ContingencyAnalyzer - INFO - main_analyzer - analyze_excel_file - 225 - Analysis completed with status: FAILED. Results saved to test_output7
2025-07-04 21:24:12 - ContingencyAnalyzer - INFO - logger_setup - setup_logger - 267 - Logger 'ContingencyAnalyzer' configured successfully
2025-07-04 21:24:12 - ContingencyAnalyzer - INFO - main_analyzer - __init__ - 77 - ContingencyAnalyzer initialized successfully
2025-07-04 21:24:12 - ContingencyAnalyzer - INFO - main_analyzer - analyze_excel_file - 92 - Starting analysis of C:/Users/achav/Downloads/Alvaro_Cont_Tables_Illinois_Final.xlsx
2025-07-04 21:24:12 - ContingencyAnalyzer - INFO - main_analyzer - analyze_excel_file - 96 - Step 1: Reading Excel file
2025-07-04 21:24:12 - ContingencyAnalyzer - INFO - main_analyzer - analyze_excel_file - 103 - Step 2: Validating input data
2025-07-04 21:24:12 - ContingencyAnalyzer - INFO - main_analyzer - analyze_excel_file - 112 - Step 3: Processing contingency squares
2025-07-04 21:24:12 - ContingencyAnalyzer - INFO - main_analyzer - analyze_excel_file - 119 - Step 4: Converting to confusion matrices
2025-07-04 21:24:12 - ContingencyAnalyzer - INFO - main_analyzer - analyze_excel_file - 126 - Step 5: Validating confusion matrices
2025-07-04 21:24:12 - ContingencyAnalyzer - INFO - main_analyzer - analyze_excel_file - 137 - Step 6: Performing global fit analysis (correction: None)
2025-07-04 21:24:12 - ContingencyAnalyzer - INFO - main_analyzer - analyze_excel_file - 157 - Step 7: Calculating Cramér's V (correction: None)
2025-07-04 21:24:13 - ContingencyAnalyzer - INFO - main_analyzer - analyze_excel_file - 174 - Step 8: Validating statistical results
2025-07-04 21:24:13 - ContingencyAnalyzer - INFO - main_analyzer - analyze_excel_file - 186 - Step 9: Generating visualizations
2025-07-04 21:24:21 - ContingencyAnalyzer - ERROR - main_analyzer - analyze_excel_file - 241 - Analysis failed: cannot access local variable 'validation_status' where it is not associated with a value
2025-07-04 21:24:31 - ContingencyAnalyzer - INFO - logger_setup - setup_logger - 267 - Logger 'ContingencyAnalyzer' configured successfully
2025-07-04 21:24:31 - ContingencyAnalyzer - INFO - main_analyzer - __init__ - 77 - ContingencyAnalyzer initialized successfully
2025-07-04 21:24:31 - ContingencyAnalyzer - INFO - main_analyzer - analyze_excel_file - 92 - Starting analysis of C:/Users/achav/Downloads/Alvaro_Cont_Tables_Illinois_Final.xlsx
2025-07-04 21:24:31 - ContingencyAnalyzer - INFO - main_analyzer - analyze_excel_file - 97 - Step 1: Reading Excel file
2025-07-04 21:24:31 - ContingencyAnalyzer - INFO - main_analyzer - analyze_excel_file - 104 - Step 2: Validating input data
2025-07-04 21:24:31 - ContingencyAnalyzer - INFO - main_analyzer - analyze_excel_file - 113 - Step 3: Processing contingency squares
2025-07-04 21:24:31 - ContingencyAnalyzer - INFO - main_analyzer - analyze_excel_file - 120 - Step 4: Converting to confusion matrices
2025-07-04 21:24:31 - ContingencyAnalyzer - INFO - main_analyzer - analyze_excel_file - 127 - Step 5: Validating confusion matrices
2025-07-04 21:24:31 - ContingencyAnalyzer - INFO - main_analyzer - analyze_excel_file - 138 - Step 6: Performing global fit analysis (correction: None)
2025-07-04 21:24:31 - ContingencyAnalyzer - INFO - main_analyzer - analyze_excel_file - 158 - Step 7: Calculating Cramér's V (correction: None)
2025-07-04 21:24:32 - ContingencyAnalyzer - INFO - main_analyzer - analyze_excel_file - 175 - Step 8: Validating statistical results
2025-07-04 21:24:32 - ContingencyAnalyzer - INFO - main_analyzer - analyze_excel_file - 187 - Step 9: Generating visualizations
2025-07-04 21:24:40 - ContingencyAnalyzer - INFO - main_analyzer - analyze_excel_file - 229 - Step 11: Generating comprehensive report
2025-07-04 21:24:40 - ContingencyAnalyzer - INFO - main_analyzer - analyze_excel_file - 238 - Analysis completed with status: PASSED. Results saved to test_output9
2025-07-04 21:24:55 - ContingencyAnalyzer - INFO - logger_setup - setup_logger - 267 - Logger 'ContingencyAnalyzer' configured successfully
2025-07-04 21:24:55 - ContingencyAnalyzer - INFO - main_analyzer - __init__ - 77 - ContingencyAnalyzer initialized successfully
2025-07-04 21:26:15 - ContingencyAnalyzer - INFO - main_analyzer - analyze_excel_file - 92 - Starting analysis of C:/Users/achav/Downloads/Alvaro_Cont_Tables_Illinois_Final.xlsx
2025-07-04 21:26:15 - ContingencyAnalyzer - INFO - main_analyzer - analyze_excel_file - 97 - Step 1: Reading Excel file
2025-07-04 21:26:15 - ContingencyAnalyzer - INFO - main_analyzer - analyze_excel_file - 104 - Step 2: Validating input data
2025-07-04 21:26:15 - ContingencyAnalyzer - INFO - main_analyzer - analyze_excel_file - 113 - Step 3: Processing contingency squares
2025-07-04 21:26:15 - ContingencyAnalyzer - INFO - main_analyzer - analyze_excel_file - 120 - Step 4: Converting to confusion matrices
2025-07-04 21:26:15 - ContingencyAnalyzer - INFO - main_analyzer - analyze_excel_file - 127 - Step 5: Validating confusion matrices
2025-07-04 21:26:15 - ContingencyAnalyzer - INFO - main_analyzer - analyze_excel_file - 138 - Step 6: Performing global fit analysis (correction: Bonferroni)
2025-07-04 21:26:15 - ContingencyAnalyzer - INFO - main_analyzer - _apply_bonferroni_correction - 277 - Applied Bonferroni correction with factor 8 to 8 tests
2025-07-04 21:26:15 - ContingencyAnalyzer - INFO - main_analyzer - analyze_excel_file - 158 - Step 7: Calculating Cramér's V (correction: Bonferroni)
2025-07-04 21:26:15 - ContingencyAnalyzer - INFO - main_analyzer - analyze_excel_file - 175 - Step 8: Validating statistical results
2025-07-04 21:26:15 - ContingencyAnalyzer - INFO - main_analyzer - analyze_excel_file - 187 - Step 9: Generating visualizations
2025-07-04 21:26:24 - ContingencyAnalyzer - INFO - main_analyzer - analyze_excel_file - 229 - Step 11: Generating comprehensive report
2025-07-04 21:26:24 - ContingencyAnalyzer - INFO - main_analyzer - analyze_excel_file - 238 - Analysis completed with status: PASSED. Results saved to C:\Users\achav\professional-contingency-suite\contingency_analysis_output
2025-07-04 21:26:35 - ContingencyAnalyzer - INFO - main_analyzer - analyze_excel_file - 92 - Starting analysis of C:/Users/achav/Downloads/Alvaro_Cont_Tables_Illinois_Final.xlsx
2025-07-04 21:26:35 - ContingencyAnalyzer - INFO - main_analyzer - analyze_excel_file - 97 - Step 1: Reading Excel file
2025-07-04 21:26:35 - ContingencyAnalyzer - INFO - main_analyzer - analyze_excel_file - 104 - Step 2: Validating input data
2025-07-04 21:26:35 - ContingencyAnalyzer - INFO - main_analyzer - analyze_excel_file - 113 - Step 3: Processing contingency squares
2025-07-04 21:26:35 - ContingencyAnalyzer - INFO - main_analyzer - analyze_excel_file - 120 - Step 4: Converting to confusion matrices
2025-07-04 21:26:35 - ContingencyAnalyzer - INFO - main_analyzer - analyze_excel_file - 127 - Step 5: Validating confusion matrices
2025-07-04 21:26:35 - ContingencyAnalyzer - INFO - main_analyzer - analyze_excel_file - 138 - Step 6: Performing global fit analysis (correction: Yates)
2025-07-04 21:26:35 - ContingencyAnalyzer - INFO - main_analyzer - analyze_excel_file - 158 - Step 7: Calculating Cramér's V (correction: Yates)
2025-07-04 21:26:36 - ContingencyAnalyzer - INFO - main_analyzer - analyze_excel_file - 175 - Step 8: Validating statistical results
2025-07-04 21:26:36 - ContingencyAnalyzer - INFO - main_analyzer - analyze_excel_file - 187 - Step 9: Generating visualizations
2025-07-04 21:26:43 - ContingencyAnalyzer - INFO - main_analyzer - analyze_excel_file - 229 - Step 11: Generating comprehensive report
2025-07-04 21:26:44 - ContingencyAnalyzer - INFO - main_analyzer - analyze_excel_file - 238 - Analysis completed with status: PASSED. Results saved to C:\Users\achav\professional-contingency-suite\contingency_analysis_output
2025-07-05 12:42:01 - ContingencyAnalyzer - INFO - logger_setup - setup_logger - 267 - Logger 'ContingencyAnalyzer' configured successfully
2025-07-05 12:42:01 - ContingencyAnalyzer - INFO - main_analyzer - __init__ - 77 - ContingencyAnalyzer initialized successfully
2025-07-05 12:42:01 - ContingencyAnalyzer - INFO - main_analyzer - analyze_excel_file - 92 - Starting analysis of C:/Users/achav/Downloads/Alvaro_Cont_Tables_Illinois_Final.xlsx
2025-07-05 12:42:01 - ContingencyAnalyzer - INFO - main_analyzer - analyze_excel_file - 97 - Step 1: Reading Excel file
2025-07-05 12:42:01 - ContingencyAnalyzer - INFO - main_analyzer - analyze_excel_file - 104 - Step 2: Validating input data
2025-07-05 12:42:01 - ContingencyAnalyzer - INFO - main_analyzer - analyze_excel_file - 113 - Step 3: Processing contingency squares
2025-07-05 12:42:01 - ContingencyAnalyzer - INFO - main_analyzer - analyze_excel_file - 120 - Step 4: Converting to confusion matrices
2025-07-05 12:42:01 - ContingencyAnalyzer - INFO - main_analyzer - analyze_excel_file - 127 - Step 5: Validating confusion matrices
2025-07-05 12:42:01 - ContingencyAnalyzer - INFO - main_analyzer - analyze_excel_file - 138 - Step 6: Performing global fit analysis (correction: None)
2025-07-05 12:42:01 - ContingencyAnalyzer - INFO - main_analyzer - analyze_excel_file - 158 - Step 7: Calculating Cramér's V (correction: None)
2025-07-05 12:42:02 - ContingencyAnalyzer - INFO - main_analyzer - analyze_excel_file - 175 - Step 8: Validating statistical results
2025-07-05 12:42:02 - ContingencyAnalyzer - INFO - main_analyzer - analyze_excel_file - 187 - Step 9: Generating visualizations
2025-07-05 12:42:11 - ContingencyAnalyzer - INFO - main_analyzer - analyze_excel_file - 229 - Step 11: Generating comprehensive report
2025-07-05 12:42:11 - ContingencyAnalyzer - INFO - main_analyzer - analyze_excel_file - 238 - Analysis completed with status: PASSED. Results saved to test_fixed_output
2025-07-05 12:43:52 - ContingencyAnalyzer - INFO - logger_setup - setup_logger - 267 - Logger 'ContingencyAnalyzer' configured successfully
2025-07-05 12:43:52 - ContingencyAnalyzer - INFO - main_analyzer - __init__ - 77 - ContingencyAnalyzer initialized successfully
2025-07-05 12:43:52 - ContingencyAnalyzer - INFO - main_analyzer - analyze_excel_file - 92 - Starting analysis of C:/Users/achav/Downloads/Alvaro_Cont_Tables_Illinois_Final.xlsx
2025-07-05 12:43:52 - ContingencyAnalyzer - INFO - main_analyzer - analyze_excel_file - 97 - Step 1: Reading Excel file
2025-07-05 12:43:52 - ContingencyAnalyzer - INFO - main_analyzer - analyze_excel_file - 104 - Step 2: Validating input data
2025-07-05 12:43:52 - ContingencyAnalyzer - INFO - main_analyzer - analyze_excel_file - 113 - Step 3: Processing contingency squares
2025-07-05 12:43:52 - ContingencyAnalyzer - INFO - main_analyzer - analyze_excel_file - 120 - Step 4: Converting to confusion matrices
2025-07-05 12:43:52 - ContingencyAnalyzer - INFO - main_analyzer - analyze_excel_file - 127 - Step 5: Validating confusion matrices
2025-07-05 12:43:52 - ContingencyAnalyzer - INFO - main_analyzer - analyze_excel_file - 138 - Step 6: Performing global fit analysis (correction: None)
2025-07-05 12:43:52 - ContingencyAnalyzer - INFO - main_analyzer - analyze_excel_file - 158 - Step 7: Calculating Cramér's V (correction: None)
2025-07-05 12:43:52 - ContingencyAnalyzer - INFO - main_analyzer - analyze_excel_file - 175 - Step 8: Validating statistical results
2025-07-05 12:43:52 - ContingencyAnalyzer - INFO - main_analyzer - analyze_excel_file - 187 - Step 9: Generating visualizations
2025-07-05 12:43:59 - ContingencyAnalyzer - INFO - main_analyzer - analyze_excel_file - 229 - Step 11: Generating comprehensive report
2025-07-05 12:43:59 - ContingencyAnalyzer - INFO - main_analyzer - analyze_excel_file - 238 - Analysis completed with status: PASSED. Results saved to test_fixed_output2
2025-07-05 13:36:30 - ContingencyAnalyzer - INFO - logger_setup - setup_logger - 267 - Logger 'ContingencyAnalyzer' configured successfully
2025-07-05 13:36:30 - ContingencyAnalyzer - INFO - main_analyzer - __init__ - 77 - ContingencyAnalyzer initialized successfully
